На примере postgresql.

План выполнения предназначен для получения информации о том, какие операции выполняет ядро СУБД при исполнении запроса.

Для любого запроса можно использовать оператор `explain`, чтобы посмотреть план выполнения, например:

```sql
explain select 'boarding_passes' from boarding_passes;

// Вывод:
Seq Scan on boarding_passes  (cost=0.00..137538.44 rows=7925944 width=32)
```

При этом реально запрос выполняться не будет. Планировщик просто покажет нам свои гипотезы. У explain есть опции, о которых позже.

Для выполнения с реальными данными нужна опция analyze:

```sql
explain (analyze) select 'boarding_passes' from boarding_passes;

// Вывод:
Seq Scan on boarding_passes 
    (cost=0.00..137538.44 rows=7925944 width=32) 
    (actual time=2.039..527.322 rows=7925812 loops=1)
Planning Time: 0.057 ms
JIT:
  Functions: 1
  Options: 
      Inlining false, Optimization false, Expressions true, Deforming true
  Timing: 
      Generation 0.083 ms, Inlining 0.000 ms, Optimization 0.123 ms, Emission 1.828 ms, Total 2.034 ms
Execution Time: 695.027 ms
```

* `Seq Scan` - способ, использованный для чтения данных. Бывает несколько.
* `cost` - первое значение (0.00) - это затраты на получение первой строки, второе значение (137538.44)  - на получение последней строки. Цифры носят условный характер, они не указывают на конкретные величины вроде миллисекунд.
* `rows` - количество строк, которые должны вернуться по прогнозам планировщика.
* `width` - средний размер строки в байтах.
* `actual time` - реальное количество времени в миллисекундах, затраченное на выбор первой (2.039) и всех строк (527.322).
* `loops` - сколько раз пришлось выполнить операцию Seq Scan.
* TODO: остальные пункты догуглить, имеющиеся - уточнить.







# Способы чтения данных

`Seq Scan` TODO: какие еще есть?





# TODO

- [ ] Зачем использовать analyze перед explain, а не как его опцию?